*ERROR* 	v1.7.3.0	2018/04/12 - 14:27:23: You have an error in your SQL syntax; check the manual that corresponds to your MySQL server version for the right syntax to use near 'by `pl`.`id_product`' at line 25<br /><br /><pre>SELECT `pl`.`meta_title`,
                               `pl`.`meta_description`,
                               `pl`.`meta_keywords`,
                               `pl`.`id_product`,
                               `pl`.`name` AS `product_name`,
                               `srl`.`id_seoptimize_lang`,
                               `srl`.`seo_meta_title`,
                               `srl`.`seo_meta_description`,
                               `srl`.`seo_meta_keywords`,
                               `srl`.`seo_image_alt`,
                               `il`.`legend`
                        FROM `ps_product_lang` AS `pl`
                        JOIN `ps_category_product` AS `cp`
                        ON `pl`.`id_product`=`cp`.`id_product`
                        JOIN `ps_category_lang` AS `cl`
                        on `cp`.`id_category`=`cl`.`id_category`
                        LEFT JOIN `ps_category_seo_rule` as `csr`
                        on `cp`.`id_category`=`csr`.`id_category`
                        LEFT JOIN `ps_seo_rule_lang` as `srl`
                        on `csr`.`id_seoptimize`=`srl`.`id_seoptimize`
                        JOIN `ps_image` AS `i`
                        on `pl`.`id_product`=`i`.`id_product`
                        JOIN `ps_image_lang` AS `il`
                        on `i`.`id_image`=`il`.`id_image`
                        where `pl`.`id_lang`=1group by `pl`.`id_product`</pre> at line 746 in file classes/db/Db.php
