*ERROR* 	v1.7.3.0	2018/04/11 - 10:08:57: Unknown column 'cl.name' in 'where clause'<br /><br /><pre>
                        SELECT `pl`.`meta_title`,
                               `pl`.`meta_description`,
                               `pl`.`meta_keywords`,
                               `pl`.`id_product`,
                               `srl`.`id_seoptimize_lang`,
                               `srl`.`seo_meta_title`,
                               `srl`.`seo_meta_description`,
                               `srl`.`seo_meta_keywords`,
                               `srl`.`seo_image_alt`,
                               `il`.`legend`
                        FROM `ps_product_lang` AS `pl`
                        JOIN `ps_category_product` AS `cp`
                        ON `pl`.`id_product`=`cp`.`id_product`
                        LEFT JOIN `ps_category_seo_rule` as `csr`
                        on `cp`.`id_category`=`csr`.`id_category`
                        LEFT JOIN `ps_seo_rule_lang` as `srl`
                        on `csr`.`id_seoptimize`=`srl`.`id_seoptimize`
                        JOIN `ps_image` AS `i`
                        on `pl`.`id_product`=`i`.`id_product`
                        JOIN `ps_image_lang` AS `il`
                        on `i`.`id_image`=`il`.`id_image`
                        where `srl`.`id_lang`=1
                        and `cl`.`name`='Clothes'
                        group by `pl`.`id_product`</pre> at line 746 in file classes/db/Db.php
*ERROR* 	v1.7.3.0	2018/04/11 - 15:06:18: You have an error in your SQL syntax; check the manual that corresponds to your MySQL server version for the right syntax to use near '' at line 5<br /><br /><pre>SELECT *
                        FROM `ps_seoptimize` AS `s`
                        JOIN `ps_seo_rule_lang` AS `srl`
                        ON `s`.`id_seoptimize`=`srl`.`id_seoptimize`
                        where `s`.`id_seoptimize`=</pre> at line 746 in file classes/db/Db.php
*ERROR* 	v1.7.3.0	2018/04/11 - 15:19:23: Unknown column 'NaN' in 'where clause'<br /><br /><pre>SELECT *
                        FROM `ps_seoptimize` AS `s`
                        JOIN `ps_seo_rule_lang` AS `srl`
                        ON `s`.`id_seoptimize`=`srl`.`id_seoptimize`
                        where `s`.`id_seoptimize`=NaN</pre> at line 746 in file classes/db/Db.php
*ERROR* 	v1.7.3.0	2018/04/11 - 15:20:41: Unknown column 'NaN' in 'where clause'<br /><br /><pre>SELECT *
                        FROM `ps_seoptimize` AS `s`
                        JOIN `ps_seo_rule_lang` AS `srl`
                        ON `s`.`id_seoptimize`=`srl`.`id_seoptimize`
                        where `s`.`id_seoptimize`=NaN</pre> at line 746 in file classes/db/Db.php
*ERROR* 	v1.7.3.0	2018/04/11 - 15:21:24: Unknown column 'NaN' in 'where clause'<br /><br /><pre>SELECT *
                        FROM `ps_seoptimize` AS `s`
                        JOIN `ps_seo_rule_lang` AS `srl`
                        ON `s`.`id_seoptimize`=`srl`.`id_seoptimize`
                        where `s`.`id_seoptimize`=NaN</pre> at line 746 in file classes/db/Db.php
*ERROR* 	v1.7.3.0	2018/04/11 - 15:22:50: Unknown column 'NaN' in 'where clause'<br /><br /><pre>SELECT *
                        FROM `ps_seoptimize` AS `s`
                        JOIN `ps_seo_rule_lang` AS `srl`
                        ON `s`.`id_seoptimize`=`srl`.`id_seoptimize`
                        where `s`.`id_seoptimize`=NaN</pre> at line 746 in file classes/db/Db.php
*ERROR* 	v1.7.3.0	2018/04/11 - 15:23:44: You have an error in your SQL syntax; check the manual that corresponds to your MySQL server version for the right syntax to use near '' at line 5<br /><br /><pre>SELECT *
                        FROM `ps_seoptimize` AS `s`
                        JOIN `ps_seo_rule_lang` AS `srl`
                        ON `s`.`id_seoptimize`=`srl`.`id_seoptimize`
                        where `s`.`id_seoptimize`=</pre> at line 746 in file classes/db/Db.php
