*ERROR* 	v1.7.3.0	2018/03/29 - 10:39:50: Unknown column 'feature_icon' in 'order clause'<br /><br /><pre>SELECT SQL_CALC_FOUND_ROWS b.*, a.*

FROM `ps_feature` a 
LEFT JOIN `ps_feature_lang` b
                ON (b.`id_feature` = a.`id_feature` AND b.`id_lang` = 1)

 WHERE 1 

 ORDER BY feature_icon ASC  LIMIT 0, 50</pre> at line 746 in file classes/db/Db.php
*ERROR* 	v1.7.3.0	2018/03/29 - 10:41:12: Unknown column 'feature_icon' in 'order clause'<br /><br /><pre>SELECT SQL_CALC_FOUND_ROWS b.*, a.*

FROM `ps_feature` a 
LEFT JOIN `ps_feature_lang` b
                ON (b.`id_feature` = a.`id_feature` AND b.`id_lang` = 1)
 LEFT JOIN `ps_features_icons` AS fi ON (fi.`id_feature` = a.`id_feature`)  
 WHERE 1 

 ORDER BY feature_icon ASC  LIMIT 0, 50</pre> at line 746 in file classes/db/Db.php
*ERROR* 	v1.7.3.0	2018/03/29 - 12:29:13: Unknown column 'feature_icon' in 'order clause'<br /><br /><pre>SELECT SQL_CALC_FOUND_ROWS b.*, a.*

FROM `ps_feature` a 
LEFT JOIN `ps_feature_lang` b
                ON (b.`id_feature` = a.`id_feature` AND b.`id_lang` = 1)
 LEFT JOIN `ps_features_icons` AS fi ON (fi.`id_feature` = a.`id_feature`)  
 WHERE 1 

 ORDER BY feature_icon ASC  LIMIT 0, 50</pre> at line 746 in file classes/db/Db.php
*ERROR* 	v1.7.3.0	2018/03/29 - 14:22:55: You have an error in your SQL syntax; check the manual that corresponds to your MySQL server version for the right syntax to use near ')' at line 3<br /><br /><pre>SELECT *
FROM `ps_features_icons` fi
WHERE (fi.id_feature = )
</pre> at line 746 in file classes/db/Db.php
*ERROR* 	v1.7.3.0	2018/03/29 - 14:23:06: You have an error in your SQL syntax; check the manual that corresponds to your MySQL server version for the right syntax to use near ')' at line 3<br /><br /><pre>SELECT *
FROM `ps_features_icons` fi
WHERE (fi.id_feature = )
</pre> at line 746 in file classes/db/Db.php
*ERROR* 	v1.7.3.0	2018/03/29 - 14:25:22: You have an error in your SQL syntax; check the manual that corresponds to your MySQL server version for the right syntax to use near ')' at line 3<br /><br /><pre>SELECT *
FROM `ps_features_icons` fi
WHERE (fi.id_feature = )
</pre> at line 746 in file classes/db/Db.php
